<?xml version="1.0" encoding="UTF-8"?>
<testng-results skipped="0" failed="0" ignored="0" total="1" passed="1">
  <reporter-output>
  </reporter-output>
  <suite name="Default suite" duration-ms="4642" started-at="2021-05-28T13:35:42 IST" finished-at="2021-05-28T13:35:47 IST">
    <groups>
    </groups>
    <test name="Default test" duration-ms="4642" started-at="2021-05-28T13:35:42 IST" finished-at="2021-05-28T13:35:47 IST">
      <class name="LoginPage.verifyLoginPage">
        <test-method status="PASS" signature="start()[pri:0, instance:LoginPage.verifyLoginPage@185d8b6]" name="start" is-config="true" duration-ms="10325" started-at="2021-05-28T13:35:32 IST" finished-at="2021-05-28T13:35:42 IST">
          <reporter-output>
          </reporter-output>
        </test-method> <!-- start -->
        <test-method status="PASS" signature="verifyLoginpage()[pri:0, instance:LoginPage.verifyLoginPage@185d8b6]" name="verifyLoginpage" duration-ms="4620" started-at="2021-05-28T13:35:42 IST" finished-at="2021-05-28T13:35:47 IST">
          <reporter-output>
          </reporter-output>
        </test-method> <!-- verifyLoginpage -->
      </class> <!-- LoginPage.verifyLoginPage -->
    </test> <!-- Default test -->
  </suite> <!-- Default suite -->
</testng-results>
